Arguments: 
  C:\Program Files\nodejs\node.exe C:\Users\wooooooak\AppData\Roaming\npm\node_modules\yarn\bin\yarn.js add babel-preset-env babel-preset-state-3

PATH: 
  C:\Program Files (x86)\Common Files\Oracle\Java\javapath;C:\Program Files (x86)\Intel\iCLS Client\;C:\ProgramData\Oracle\Java\javapath;C:\Program Files\Intel\iCLS Client\;C:\Windows\system32;C:\Windows;C:\Windows\System32\Wbem;C:\Windows\System32\WindowsPowerShell\v1.0\;C:\Program Files (x86)\NVIDIA Corporation\PhysX\Common;C:\Program Files\Git\cmd;C:\Program Files\nodejs\;C:\Program Files\MongoDB\Server\3.4\bin;C:\WINDOWS\system32;C:\WINDOWS;C:\WINDOWS\System32\Wbem;C:\WINDOWS\System32\WindowsPowerShell\v1.0\;C:\Program Files\Java\jdk1.8.0_151\bin;C:\Program Files\apache-maven-3.5.2\bin;C:\Program Files\MySQL\MySQL Utilities 1.6\;C:\Program Files (x86)\Google\Cloud SDK\google-cloud-sdk\bin;C:\Program Files\Java\jdk1.8.0_161\bin;C:\Users\wooooooak\AppData\Local\Android\Sdk\tools;C:\Users\wooooooak\AppData\Local\Android\SdK\platform-tools;C:\Users\wooooooak\AppData\Local\Android\Sdk\platform-tools;C:\Program Files (x86)\Intel\Intel(R) Management Engine Components\DAL;C:\Program Files\Intel\Intel(R) Management Engine Components\DAL;C:\Program Files (x86)\Intel\Intel(R) Management Engine Components\IPT;C:\Program Files\Intel\Intel(R) Management Engine Components\IPT;C:\Users\wooooooak\AppData\Local\Programs\Python\Python36-32;C:\Users\wooooooak\AppData\Local\Programs\Python\Python36-32\Scripts;C:\Program Files\spring-1.5.7.RELEASE\bin;C:\WINDOWS\System32\OpenSSH\;C:\Program Files\MySQL\MySQL Server 5.7\bin;C:\Users\wooooooak\AppData\Local\Programs\Python\Python36-32\Scripts\;C:\Users\wooooooak\AppData\Local\Programs\Python\Python36-32\;C:\Users\wooooooak\AppData\Local\Microsoft\WindowsApps;C:\Program Files\Microsoft VS Code\bin;C:\Users\wooooooak\AppData\Roaming\npm;C:\Program Files\Bandizip\;C:\Program Files\Genymobile\Genymotion\tools;

Yarn version: 
  1.7.0

Node version: 
  8.9.1

Platform: 
  win32 x64

Trace: 
  Error: https://registry.yarnpkg.com/babel-preset-state-3: Not found
      at Request.params.callback [as _callback] (C:\Users\wooooooak\AppData\Roaming\npm\node_modules\yarn\lib\cli.js:65656:18)
      at Request.self.callback (C:\Users\wooooooak\AppData\Roaming\npm\node_modules\yarn\lib\cli.js:134675:22)
      at emitTwo (events.js:126:13)
      at Request.emit (events.js:214:7)
      at Request.<anonymous> (C:\Users\wooooooak\AppData\Roaming\npm\node_modules\yarn\lib\cli.js:135658:10)
      at emitOne (events.js:116:13)
      at Request.emit (events.js:211:7)
      at IncomingMessage.<anonymous> (C:\Users\wooooooak\AppData\Roaming\npm\node_modules\yarn\lib\cli.js:135578:12)
      at Object.onceWrapper (events.js:313:30)
      at emitNone (events.js:111:20)

npm manifest: 
  No manifest

yarn manifest: 
  No manifest

Lockfile: 
  No lockfile
